{"/home/gomita/Documents/ESPE/6TOSemestre/Pruebas/Parc2/srmc-pos-st-backend/src/app.ts": {"path":"/home/gomita/Documents/ESPE/6TOSemestre/Pruebas/Parc2/srmc-pos-st-backend/src/app.ts","statementMap":{"0":{"start":{"line":1,"column":0},"end":{"line":1,"column":30}},"1":{"start":{"line":2,"column":0},"end":{"line":2,"column":24}},"2":{"start":{"line":3,"column":0},"end":{"line":3,"column":46}},"3":{"start":{"line":4,"column":0},"end":{"line":4,"column":52}},"4":{"start":{"line":5,"column":0},"end":{"line":5,"column":48}},"5":{"start":{"line":7,"column":12},"end":{"line":7,"column":21}},"6":{"start":{"line":9,"column":0},"end":{"line":9,"column":16}},"7":{"start":{"line":10,"column":0},"end":{"line":10,"column":24}},"8":{"start":{"line":11,"column":0},"end":{"line":11,"column":33}},"9":{"start":{"line":12,"column":0},"end":{"line":12,"column":40}},"10":{"start":{"line":13,"column":0},"end":{"line":13,"column":36}},"11":{"start":{"line":15,"column":0},"end":{"line":15,"column":19}}},"fnMap":{},"branchMap":{},"s":{"0":0,"1":0,"2":0,"3":0,"4":0,"5":0,"6":0,"7":0,"8":0,"9":0,"10":0,"11":0},"f":{},"b":{}}
,"/home/gomita/Documents/ESPE/6TOSemestre/Pruebas/Parc2/srmc-pos-st-backend/src/db.ts": {"path":"/home/gomita/Documents/ESPE/6TOSemestre/Pruebas/Parc2/srmc-pos-st-backend/src/db.ts","statementMap":{"0":{"start":{"line":1,"column":0},"end":{"line":1,"column":36}},"1":{"start":{"line":2,"column":0},"end":{"line":2,"column":30}},"2":{"start":{"line":18,"column":11},"end":{"line":25,"column":2}},"3":{"start":{"line":27,"column":11},"end":{"line":34,"column":2}},"4":{"start":{"line":36,"column":30},"end":{"line":38,"column":1}},"5":{"start":{"line":37,"column":4},"end":{"line":37,"column":27}},"6":{"start":{"line":36,"column":13},"end":{"line":36,"column":30}},"7":{"start":{"line":40,"column":27},"end":{"line":42,"column":1}},"8":{"start":{"line":41,"column":4},"end":{"line":41,"column":21}},"9":{"start":{"line":40,"column":13},"end":{"line":40,"column":27}}},"fnMap":{"0":{"name":"(anonymous_1)","decl":{"start":{"line":36,"column":30},"end":{"line":36,"column":31}},"loc":{"start":{"line":36,"column":57},"end":{"line":38,"column":1}}},"1":{"name":"(anonymous_2)","decl":{"start":{"line":40,"column":27},"end":{"line":40,"column":28}},"loc":{"start":{"line":40,"column":48},"end":{"line":42,"column":1}}}},"branchMap":{},"s":{"0":0,"1":0,"2":0,"3":0,"4":0,"5":0,"6":0,"7":0,"8":0,"9":0},"f":{"0":0,"1":0},"b":{}}
,"/home/gomita/Documents/ESPE/6TOSemestre/Pruebas/Parc2/srmc-pos-st-backend/src/config/jwt.ts": {"path":"/home/gomita/Documents/ESPE/6TOSemestre/Pruebas/Parc2/srmc-pos-st-backend/src/config/jwt.ts","statementMap":{"0":{"start":{"line":1,"column":13},"end":{"line":1,"column":83}}},"fnMap":{},"branchMap":{"0":{"loc":{"start":{"line":1,"column":26},"end":{"line":1,"column":82}},"type":"binary-expr","locations":[{"start":{"line":1,"column":26},"end":{"line":1,"column":48}},{"start":{"line":1,"column":52},"end":{"line":1,"column":82}}]}},"s":{"0":0},"f":{},"b":{"0":[0,0]}}
,"/home/gomita/Documents/ESPE/6TOSemestre/Pruebas/Parc2/srmc-pos-st-backend/src/controllers/auth.controller.ts": {"path":"/home/gomita/Documents/ESPE/6TOSemestre/Pruebas/Parc2/srmc-pos-st-backend/src/controllers/auth.controller.ts","statementMap":{"0":{"start":{"line":2,"column":0},"end":{"line":2,"column":31}},"1":{"start":{"line":3,"column":0},"end":{"line":3,"column":43}},"2":{"start":{"line":4,"column":0},"end":{"line":4,"column":39}},"3":{"start":{"line":6,"column":24},"end":{"line":22,"column":1}},"4":{"start":{"line":7,"column":2},"end":{"line":21,"column":3}},"5":{"start":{"line":8,"column":35},"end":{"line":8,"column":43}},"6":{"start":{"line":10,"column":23},"end":{"line":10,"column":55}},"7":{"start":{"line":11,"column":4},"end":{"line":13,"column":5}},"8":{"start":{"line":12,"column":6},"end":{"line":12,"column":70}},"9":{"start":{"line":15,"column":17},"end":{"line":15,"column":63}},"10":{"start":{"line":16,"column":4},"end":{"line":16,"column":22}},"11":{"start":{"line":18,"column":4},"end":{"line":18,"column":95}},"12":{"start":{"line":20,"column":4},"end":{"line":20,"column":71}},"13":{"start":{"line":6,"column":13},"end":{"line":6,"column":24}},"14":{"start":{"line":24,"column":21},"end":{"line":50,"column":1}},"15":{"start":{"line":25,"column":2},"end":{"line":49,"column":3}},"16":{"start":{"line":26,"column":35},"end":{"line":26,"column":43}},"17":{"start":{"line":28,"column":17},"end":{"line":28,"column":49}},"18":{"start":{"line":29,"column":4},"end":{"line":31,"column":5}},"19":{"start":{"line":30,"column":6},"end":{"line":30,"column":79}},"20":{"start":{"line":33,"column":20},"end":{"line":33,"column":56}},"21":{"start":{"line":34,"column":4},"end":{"line":36,"column":5}},"22":{"start":{"line":35,"column":6},"end":{"line":35,"column":79}},"23":{"start":{"line":38,"column":18},"end":{"line":40,"column":null}},"24":{"start":{"line":43,"column":4},"end":{"line":46,"column":8}},"25":{"start":{"line":48,"column":4},"end":{"line":48,"column":63}},"26":{"start":{"line":24,"column":13},"end":{"line":24,"column":21}}},"fnMap":{"0":{"name":"(anonymous_1)","decl":{"start":{"line":6,"column":24},"end":{"line":6,"column":29}},"loc":{"start":{"line":6,"column":62},"end":{"line":22,"column":1}}},"1":{"name":"(anonymous_2)","decl":{"start":{"line":24,"column":21},"end":{"line":24,"column":26}},"loc":{"start":{"line":24,"column":59},"end":{"line":50,"column":1}}}},"branchMap":{"0":{"loc":{"start":{"line":11,"column":4},"end":{"line":13,"column":5}},"type":"if","locations":[{"start":{"line":11,"column":4},"end":{"line":13,"column":5}},{"start":{},"end":{}}]},"1":{"loc":{"start":{"line":29,"column":4},"end":{"line":31,"column":5}},"type":"if","locations":[{"start":{"line":29,"column":4},"end":{"line":31,"column":5}},{"start":{},"end":{}}]},"2":{"loc":{"start":{"line":34,"column":4},"end":{"line":36,"column":5}},"type":"if","locations":[{"start":{"line":34,"column":4},"end":{"line":36,"column":5}},{"start":{},"end":{}}]}},"s":{"0":1,"1":1,"2":1,"3":1,"4":3,"5":3,"6":3,"7":3,"8":1,"9":2,"10":2,"11":1,"12":1,"13":1,"14":1,"15":4,"16":4,"17":4,"18":3,"19":1,"20":2,"21":2,"22":1,"23":1,"24":1,"25":1,"26":1},"f":{"0":3,"1":4},"b":{"0":[1,2],"1":[1,2],"2":[1,1]}}
,"/home/gomita/Documents/ESPE/6TOSemestre/Pruebas/Parc2/srmc-pos-st-backend/src/controllers/order.controller.ts": {"path":"/home/gomita/Documents/ESPE/6TOSemestre/Pruebas/Parc2/srmc-pos-st-backend/src/controllers/order.controller.ts","statementMap":{"0":{"start":{"line":2,"column":0},"end":{"line":2,"column":55}},"1":{"start":{"line":5,"column":12},"end":{"line":5,"column":16}},"2":{"start":{"line":7,"column":27},"end":{"line":83,"column":1}},"3":{"start":{"line":8,"column":2},"end":{"line":82,"column":3}},"4":{"start":{"line":9,"column":27},"end":{"line":9,"column":35}},"5":{"start":{"line":11,"column":19},"end":{"line":11,"column":31}},"6":{"start":{"line":14,"column":4},"end":{"line":16,"column":5}},"7":{"start":{"line":15,"column":6},"end":{"line":15,"column":64}},"8":{"start":{"line":18,"column":4},"end":{"line":20,"column":5}},"9":{"start":{"line":19,"column":6},"end":{"line":19,"column":68}},"10":{"start":{"line":22,"column":19},"end":{"line":22,"column":20}},"11":{"start":{"line":25,"column":4},"end":{"line":61,"column":5}},"12":{"start":{"line":26,"column":38},"end":{"line":26,"column":42}},"13":{"start":{"line":29,"column":22},"end":{"line":29,"column":55}},"14":{"start":{"line":30,"column":6},"end":{"line":32,"column":7}},"15":{"start":{"line":31,"column":8},"end":{"line":31,"column":70}},"16":{"start":{"line":34,"column":6},"end":{"line":36,"column":7}},"17":{"start":{"line":35,"column":8},"end":{"line":35,"column":73}},"18":{"start":{"line":38,"column":6},"end":{"line":42,"column":7}},"19":{"start":{"line":39,"column":8},"end":{"line":41,"column":11}},"20":{"start":{"line":44,"column":6},"end":{"line":48,"column":7}},"21":{"start":{"line":45,"column":8},"end":{"line":47,"column":11}},"22":{"start":{"line":51,"column":6},"end":{"line":55,"column":7}},"23":{"start":{"line":52,"column":8},"end":{"line":54,"column":11}},"24":{"start":{"line":58,"column":6},"end":{"line":58,"column":33}},"25":{"start":{"line":60,"column":6},"end":{"line":60,"column":43}},"26":{"start":{"line":63,"column":18},"end":{"line":63,"column":43}},"27":{"start":{"line":66,"column":4},"end":{"line":70,"column":5}},"28":{"start":{"line":67,"column":6},"end":{"line":69,"column":9}},"29":{"start":{"line":73,"column":18},"end":{"line":77,"column":6}},"30":{"start":{"line":79,"column":4},"end":{"line":79,"column":32}},"31":{"start":{"line":81,"column":4},"end":{"line":81,"column":62}},"32":{"start":{"line":7,"column":13},"end":{"line":7,"column":27}},"33":{"start":{"line":85,"column":27},"end":{"line":97,"column":1}},"34":{"start":{"line":86,"column":2},"end":{"line":96,"column":3}},"35":{"start":{"line":87,"column":19},"end":{"line":87,"column":31}},"36":{"start":{"line":89,"column":19},"end":{"line":91,"column":30}},"37":{"start":{"line":93,"column":4},"end":{"line":93,"column":21}},"38":{"start":{"line":95,"column":4},"end":{"line":95,"column":63}},"39":{"start":{"line":85,"column":13},"end":{"line":85,"column":27}},"40":{"start":{"line":99,"column":27},"end":{"line":123,"column":1}},"41":{"start":{"line":100,"column":2},"end":{"line":122,"column":3}},"42":{"start":{"line":101,"column":19},"end":{"line":101,"column":31}},"43":{"start":{"line":102,"column":20},"end":{"line":102,"column":33}},"44":{"start":{"line":104,"column":18},"end":{"line":104,"column":47}},"45":{"start":{"line":106,"column":4},"end":{"line":108,"column":5}},"46":{"start":{"line":107,"column":6},"end":{"line":107,"column":66}},"47":{"start":{"line":111,"column":4},"end":{"line":115,"column":5}},"48":{"start":{"line":112,"column":6},"end":{"line":114,"column":9}},"49":{"start":{"line":117,"column":4},"end":{"line":117,"column":28}},"50":{"start":{"line":119,"column":4},"end":{"line":119,"column":27}},"51":{"start":{"line":121,"column":4},"end":{"line":121,"column":62}},"52":{"start":{"line":99,"column":13},"end":{"line":99,"column":27}}},"fnMap":{"0":{"name":"(anonymous_0)","decl":{"start":{"line":7,"column":27},"end":{"line":7,"column":32}},"loc":{"start":{"line":7,"column":69},"end":{"line":83,"column":1}}},"1":{"name":"(anonymous_1)","decl":{"start":{"line":85,"column":27},"end":{"line":85,"column":32}},"loc":{"start":{"line":85,"column":69},"end":{"line":97,"column":1}}},"2":{"name":"(anonymous_2)","decl":{"start":{"line":99,"column":27},"end":{"line":99,"column":32}},"loc":{"start":{"line":99,"column":69},"end":{"line":123,"column":1}}}},"branchMap":{"0":{"loc":{"start":{"line":14,"column":4},"end":{"line":16,"column":5}},"type":"if","locations":[{"start":{"line":14,"column":4},"end":{"line":16,"column":5}},{"start":{},"end":{}}]},"1":{"loc":{"start":{"line":14,"column":8},"end":{"line":14,"column":49}},"type":"binary-expr","locations":[{"start":{"line":14,"column":8},"end":{"line":14,"column":19}},{"start":{"line":14,"column":23},"end":{"line":14,"column":49}}]},"2":{"loc":{"start":{"line":18,"column":4},"end":{"line":20,"column":5}},"type":"if","locations":[{"start":{"line":18,"column":4},"end":{"line":20,"column":5}},{"start":{},"end":{}}]},"3":{"loc":{"start":{"line":30,"column":6},"end":{"line":32,"column":7}},"type":"if","locations":[{"start":{"line":30,"column":6},"end":{"line":32,"column":7}},{"start":{},"end":{}}]},"4":{"loc":{"start":{"line":34,"column":6},"end":{"line":36,"column":7}},"type":"if","locations":[{"start":{"line":34,"column":6},"end":{"line":36,"column":7}},{"start":{},"end":{}}]},"5":{"loc":{"start":{"line":38,"column":6},"end":{"line":42,"column":7}},"type":"if","locations":[{"start":{"line":38,"column":6},"end":{"line":42,"column":7}},{"start":{},"end":{}}]},"6":{"loc":{"start":{"line":44,"column":6},"end":{"line":48,"column":7}},"type":"if","locations":[{"start":{"line":44,"column":6},"end":{"line":48,"column":7}},{"start":{},"end":{}}]},"7":{"loc":{"start":{"line":51,"column":6},"end":{"line":55,"column":7}},"type":"if","locations":[{"start":{"line":51,"column":6},"end":{"line":55,"column":7}},{"start":{},"end":{}}]},"8":{"loc":{"start":{"line":106,"column":4},"end":{"line":108,"column":5}},"type":"if","locations":[{"start":{"line":106,"column":4},"end":{"line":108,"column":5}},{"start":{},"end":{}}]},"9":{"loc":{"start":{"line":111,"column":4},"end":{"line":115,"column":5}},"type":"if","locations":[{"start":{"line":111,"column":4},"end":{"line":115,"column":5}},{"start":{},"end":{}}]}},"s":{"0":1,"1":1,"2":1,"3":11,"4":11,"5":11,"6":11,"7":1,"8":10,"9":1,"10":9,"11":9,"12":10,"13":10,"14":10,"15":1,"16":9,"17":2,"18":7,"19":1,"20":6,"21":1,"22":5,"23":1,"24":4,"25":4,"26":3,"27":3,"28":4,"29":2,"30":1,"31":2,"32":1,"33":1,"34":2,"35":2,"36":2,"37":1,"38":1,"39":1,"40":1,"41":4,"42":4,"43":4,"44":4,"45":4,"46":1,"47":3,"48":1,"49":2,"50":1,"51":1,"52":1},"f":{"0":11,"1":2,"2":4},"b":{"0":[1,10],"1":[11,11],"2":[1,9],"3":[1,9],"4":[2,7],"5":[1,6],"6":[1,5],"7":[1,4],"8":[1,3],"9":[1,2]}}
,"/home/gomita/Documents/ESPE/6TOSemestre/Pruebas/Parc2/srmc-pos-st-backend/src/controllers/product.controller.ts": {"path":"/home/gomita/Documents/ESPE/6TOSemestre/Pruebas/Parc2/srmc-pos-st-backend/src/controllers/product.controller.ts","statementMap":{"0":{"start":{"line":2,"column":0},"end":{"line":2,"column":42}},"1":{"start":{"line":6,"column":29},"end":{"line":19,"column":1}},"2":{"start":{"line":7,"column":2},"end":{"line":18,"column":3}},"3":{"start":{"line":8,"column":42},"end":{"line":8,"column":50}},"4":{"start":{"line":10,"column":4},"end":{"line":12,"column":5}},"5":{"start":{"line":11,"column":8},"end":{"line":11,"column":86}},"6":{"start":{"line":14,"column":20},"end":{"line":14,"column":50}},"7":{"start":{"line":15,"column":4},"end":{"line":15,"column":34}},"8":{"start":{"line":17,"column":4},"end":{"line":17,"column":64}},"9":{"start":{"line":6,"column":13},"end":{"line":6,"column":29}},"10":{"start":{"line":22,"column":27},"end":{"line":29,"column":1}},"11":{"start":{"line":23,"column":2},"end":{"line":28,"column":3}},"12":{"start":{"line":24,"column":21},"end":{"line":24,"column":41}},"13":{"start":{"line":25,"column":4},"end":{"line":25,"column":23}},"14":{"start":{"line":27,"column":4},"end":{"line":27,"column":65}},"15":{"start":{"line":22,"column":13},"end":{"line":22,"column":27}},"16":{"start":{"line":31,"column":30},"end":{"line":43,"column":1}},"17":{"start":{"line":32,"column":2},"end":{"line":42,"column":3}},"18":{"start":{"line":33,"column":20},"end":{"line":33,"column":57}},"19":{"start":{"line":35,"column":4},"end":{"line":37,"column":5}},"20":{"start":{"line":36,"column":6},"end":{"line":36,"column":68}},"21":{"start":{"line":39,"column":4},"end":{"line":39,"column":22}},"22":{"start":{"line":41,"column":4},"end":{"line":41,"column":52}},"23":{"start":{"line":31,"column":13},"end":{"line":31,"column":30}},"24":{"start":{"line":46,"column":29},"end":{"line":62,"column":1}},"25":{"start":{"line":47,"column":2},"end":{"line":61,"column":3}},"26":{"start":{"line":48,"column":20},"end":{"line":51,"column":null}},"27":{"start":{"line":54,"column":4},"end":{"line":56,"column":5}},"28":{"start":{"line":55,"column":6},"end":{"line":55,"column":68}},"29":{"start":{"line":58,"column":4},"end":{"line":58,"column":22}},"30":{"start":{"line":60,"column":4},"end":{"line":60,"column":64}},"31":{"start":{"line":46,"column":13},"end":{"line":46,"column":29}},"32":{"start":{"line":65,"column":29},"end":{"line":77,"column":1}},"33":{"start":{"line":66,"column":2},"end":{"line":76,"column":3}},"34":{"start":{"line":67,"column":20},"end":{"line":67,"column":66}},"35":{"start":{"line":69,"column":4},"end":{"line":71,"column":5}},"36":{"start":{"line":70,"column":6},"end":{"line":70,"column":68}},"37":{"start":{"line":73,"column":4},"end":{"line":73,"column":27}},"38":{"start":{"line":75,"column":4},"end":{"line":75,"column":64}},"39":{"start":{"line":65,"column":13},"end":{"line":65,"column":29}}},"fnMap":{"0":{"name":"(anonymous_0)","decl":{"start":{"line":6,"column":29},"end":{"line":6,"column":34}},"loc":{"start":{"line":6,"column":67},"end":{"line":19,"column":1}}},"1":{"name":"(anonymous_1)","decl":{"start":{"line":22,"column":27},"end":{"line":22,"column":32}},"loc":{"start":{"line":22,"column":66},"end":{"line":29,"column":1}}},"2":{"name":"(anonymous_2)","decl":{"start":{"line":31,"column":30},"end":{"line":31,"column":35}},"loc":{"start":{"line":31,"column":68},"end":{"line":43,"column":1}}},"3":{"name":"(anonymous_3)","decl":{"start":{"line":46,"column":29},"end":{"line":46,"column":34}},"loc":{"start":{"line":46,"column":67},"end":{"line":62,"column":1}}},"4":{"name":"(anonymous_4)","decl":{"start":{"line":65,"column":29},"end":{"line":65,"column":34}},"loc":{"start":{"line":65,"column":67},"end":{"line":77,"column":1}}}},"branchMap":{"0":{"loc":{"start":{"line":10,"column":4},"end":{"line":12,"column":5}},"type":"if","locations":[{"start":{"line":10,"column":4},"end":{"line":12,"column":5}},{"start":{},"end":{}}]},"1":{"loc":{"start":{"line":10,"column":8},"end":{"line":10,"column":59}},"type":"binary-expr","locations":[{"start":{"line":10,"column":8},"end":{"line":10,"column":13}},{"start":{"line":10,"column":17},"end":{"line":10,"column":36}},{"start":{"line":10,"column":40},"end":{"line":10,"column":59}}]},"2":{"loc":{"start":{"line":35,"column":4},"end":{"line":37,"column":5}},"type":"if","locations":[{"start":{"line":35,"column":4},"end":{"line":37,"column":5}},{"start":{},"end":{}}]},"3":{"loc":{"start":{"line":54,"column":4},"end":{"line":56,"column":5}},"type":"if","locations":[{"start":{"line":54,"column":4},"end":{"line":56,"column":5}},{"start":{},"end":{}}]},"4":{"loc":{"start":{"line":69,"column":4},"end":{"line":71,"column":5}},"type":"if","locations":[{"start":{"line":69,"column":4},"end":{"line":71,"column":5}},{"start":{},"end":{}}]}},"s":{"0":1,"1":1,"2":5,"3":5,"4":5,"5":3,"6":2,"7":1,"8":1,"9":1,"10":1,"11":2,"12":2,"13":1,"14":1,"15":1,"16":1,"17":3,"18":3,"19":2,"20":1,"21":1,"22":1,"23":1,"24":1,"25":3,"26":3,"27":2,"28":1,"29":1,"30":1,"31":1,"32":1,"33":3,"34":3,"35":2,"36":1,"37":1,"38":1,"39":1},"f":{"0":5,"1":2,"2":3,"3":3,"4":3},"b":{"0":[3,2],"1":[5,4,3],"2":[1,1],"3":[1,1],"4":[1,1]}}
,"/home/gomita/Documents/ESPE/6TOSemestre/Pruebas/Parc2/srmc-pos-st-backend/src/middlewares/auth.middleware.ts": {"path":"/home/gomita/Documents/ESPE/6TOSemestre/Pruebas/Parc2/srmc-pos-st-backend/src/middlewares/auth.middleware.ts","statementMap":{"0":{"start":{"line":2,"column":0},"end":{"line":2,"column":31}},"1":{"start":{"line":3,"column":0},"end":{"line":3,"column":43}},"2":{"start":{"line":13,"column":30},"end":{"line":31,"column":1}},"3":{"start":{"line":18,"column":16},"end":{"line":18,"column":56}},"4":{"start":{"line":20,"column":2},"end":{"line":22,"column":3}},"5":{"start":{"line":21,"column":4},"end":{"line":21,"column":63}},"6":{"start":{"line":24,"column":2},"end":{"line":30,"column":3}},"7":{"start":{"line":25,"column":20},"end":{"line":25,"column":63}},"8":{"start":{"line":26,"column":4},"end":{"line":26,"column":23}},"9":{"start":{"line":27,"column":4},"end":{"line":27,"column":11}},"10":{"start":{"line":29,"column":4},"end":{"line":29,"column":62}},"11":{"start":{"line":13,"column":13},"end":{"line":13,"column":30}}},"fnMap":{"0":{"name":"(anonymous_1)","decl":{"start":{"line":13,"column":30},"end":{"line":13,"column":null}},"loc":{"start":{"line":17,"column":4},"end":{"line":31,"column":1}}}},"branchMap":{"0":{"loc":{"start":{"line":20,"column":2},"end":{"line":22,"column":3}},"type":"if","locations":[{"start":{"line":20,"column":2},"end":{"line":22,"column":3}},{"start":{},"end":{}}]}},"s":{"0":0,"1":0,"2":0,"3":0,"4":0,"5":0,"6":0,"7":0,"8":0,"9":0,"10":0,"11":0},"f":{"0":0},"b":{"0":[0,0]}}
,"/home/gomita/Documents/ESPE/6TOSemestre/Pruebas/Parc2/srmc-pos-st-backend/src/routes/auth.routes.ts": {"path":"/home/gomita/Documents/ESPE/6TOSemestre/Pruebas/Parc2/srmc-pos-st-backend/src/routes/auth.routes.ts","statementMap":{"0":{"start":{"line":1,"column":0},"end":{"line":1,"column":30}},"1":{"start":{"line":2,"column":0},"end":{"line":2,"column":65}},"2":{"start":{"line":4,"column":15},"end":{"line":4,"column":31}},"3":{"start":{"line":6,"column":0},"end":{"line":6,"column":35}},"4":{"start":{"line":7,"column":0},"end":{"line":7,"column":29}},"5":{"start":{"line":9,"column":0},"end":{"line":9,"column":22}}},"fnMap":{},"branchMap":{},"s":{"0":0,"1":0,"2":0,"3":0,"4":0,"5":0},"f":{},"b":{}}
,"/home/gomita/Documents/ESPE/6TOSemestre/Pruebas/Parc2/srmc-pos-st-backend/src/routes/order.routes.ts": {"path":"/home/gomita/Documents/ESPE/6TOSemestre/Pruebas/Parc2/srmc-pos-st-backend/src/routes/order.routes.ts","statementMap":{"0":{"start":{"line":1,"column":0},"end":{"line":1,"column":33}},"1":{"start":{"line":2,"column":0},"end":{"line":2,"column":88}},"2":{"start":{"line":3,"column":0},"end":{"line":3,"column":64}},"3":{"start":{"line":5,"column":15},"end":{"line":5,"column":23}},"4":{"start":{"line":7,"column":0},"end":{"line":7,"column":46}},"5":{"start":{"line":8,"column":0},"end":{"line":8,"column":47}},"6":{"start":{"line":9,"column":0},"end":{"line":9,"column":51}},"7":{"start":{"line":11,"column":0},"end":{"line":11,"column":22}}},"fnMap":{},"branchMap":{},"s":{"0":0,"1":0,"2":0,"3":0,"4":0,"5":0,"6":0,"7":0},"f":{},"b":{}}
,"/home/gomita/Documents/ESPE/6TOSemestre/Pruebas/Parc2/srmc-pos-st-backend/src/routes/product.routes.ts": {"path":"/home/gomita/Documents/ESPE/6TOSemestre/Pruebas/Parc2/srmc-pos-st-backend/src/routes/product.routes.ts","statementMap":{"0":{"start":{"line":1,"column":0},"end":{"line":1,"column":33}},"1":{"start":{"line":2,"column":0},"end":{"line":2,"column":64}},"2":{"start":{"line":3,"column":0},"end":{"line":3,"column":null}},"3":{"start":{"line":11,"column":15},"end":{"line":11,"column":23}},"4":{"start":{"line":13,"column":0},"end":{"line":13,"column":27}},"5":{"start":{"line":15,"column":0},"end":{"line":15,"column":32}},"6":{"start":{"line":16,"column":0},"end":{"line":16,"column":29}},"7":{"start":{"line":17,"column":0},"end":{"line":17,"column":35}},"8":{"start":{"line":18,"column":0},"end":{"line":18,"column":34}},"9":{"start":{"line":19,"column":0},"end":{"line":19,"column":37}},"10":{"start":{"line":21,"column":0},"end":{"line":21,"column":22}}},"fnMap":{},"branchMap":{},"s":{"0":0,"1":0,"2":0,"3":0,"4":0,"5":0,"6":0,"7":0,"8":0,"9":0,"10":0},"f":{},"b":{}}
}
