TN:
SF:src/app.ts
FNF:0
FNH:0
DA:1,0
DA:2,0
DA:3,0
DA:4,0
DA:5,0
DA:7,0
DA:9,0
DA:10,0
DA:11,0
DA:12,0
DA:13,0
DA:15,0
LF:12
LH:0
BRF:0
BRH:0
end_of_record
TN:
SF:src/db.ts
FN:36,(anonymous_1)
FN:40,(anonymous_2)
FNF:2
FNH:0
FNDA:0,(anonymous_1)
FNDA:0,(anonymous_2)
DA:1,0
DA:2,0
DA:18,0
DA:27,0
DA:36,0
DA:37,0
DA:40,0
DA:41,0
LF:8
LH:0
BRF:0
BRH:0
end_of_record
TN:
SF:src/config/jwt.ts
FNF:0
FNH:0
DA:1,0
LF:1
LH:0
BRDA:1,0,0,0
BRDA:1,0,1,0
BRF:2
BRH:0
end_of_record
TN:
SF:src/controllers/auth.controller.ts
FN:6,(anonymous_1)
FN:24,(anonymous_2)
FNF:2
FNH:2
FNDA:3,(anonymous_1)
FNDA:4,(anonymous_2)
DA:2,1
DA:3,1
DA:4,1
DA:6,1
DA:7,3
DA:8,3
DA:10,3
DA:11,3
DA:12,1
DA:15,2
DA:16,2
DA:18,1
DA:20,1
DA:24,1
DA:25,4
DA:26,4
DA:28,4
DA:29,3
DA:30,1
DA:33,2
DA:34,2
DA:35,1
DA:38,1
DA:43,1
DA:48,1
LF:25
LH:25
BRDA:11,0,0,1
BRDA:11,0,1,2
BRDA:29,1,0,1
BRDA:29,1,1,2
BRDA:34,2,0,1
BRDA:34,2,1,1
BRF:6
BRH:6
end_of_record
TN:
SF:src/controllers/order.controller.ts
FN:7,(anonymous_0)
FN:85,(anonymous_1)
FN:99,(anonymous_2)
FNF:3
FNH:3
FNDA:11,(anonymous_0)
FNDA:2,(anonymous_1)
FNDA:4,(anonymous_2)
DA:2,1
DA:5,1
DA:7,1
DA:8,11
DA:9,11
DA:11,11
DA:14,11
DA:15,1
DA:18,10
DA:19,1
DA:22,9
DA:25,9
DA:26,10
DA:29,10
DA:30,10
DA:31,1
DA:34,9
DA:35,2
DA:38,7
DA:39,1
DA:44,6
DA:45,1
DA:51,5
DA:52,1
DA:58,4
DA:60,4
DA:63,3
DA:66,3
DA:67,4
DA:73,2
DA:79,1
DA:81,2
DA:85,1
DA:86,2
DA:87,2
DA:89,2
DA:93,1
DA:95,1
DA:99,1
DA:100,4
DA:101,4
DA:102,4
DA:104,4
DA:106,4
DA:107,1
DA:111,3
DA:112,1
DA:117,2
DA:119,1
DA:121,1
LF:50
LH:50
BRDA:14,0,0,1
BRDA:14,0,1,10
BRDA:14,1,0,11
BRDA:14,1,1,11
BRDA:18,2,0,1
BRDA:18,2,1,9
BRDA:30,3,0,1
BRDA:30,3,1,9
BRDA:34,4,0,2
BRDA:34,4,1,7
BRDA:38,5,0,1
BRDA:38,5,1,6
BRDA:44,6,0,1
BRDA:44,6,1,5
BRDA:51,7,0,1
BRDA:51,7,1,4
BRDA:106,8,0,1
BRDA:106,8,1,3
BRDA:111,9,0,1
BRDA:111,9,1,2
BRF:20
BRH:20
end_of_record
TN:
SF:src/controllers/product.controller.ts
FN:6,(anonymous_0)
FN:22,(anonymous_1)
FN:31,(anonymous_2)
FN:46,(anonymous_3)
FN:65,(anonymous_4)
FNF:5
FNH:5
FNDA:5,(anonymous_0)
FNDA:2,(anonymous_1)
FNDA:3,(anonymous_2)
FNDA:3,(anonymous_3)
FNDA:3,(anonymous_4)
DA:2,1
DA:6,1
DA:7,5
DA:8,5
DA:10,5
DA:11,3
DA:14,2
DA:15,1
DA:17,1
DA:22,1
DA:23,2
DA:24,2
DA:25,1
DA:27,1
DA:31,1
DA:32,3
DA:33,3
DA:35,2
DA:36,1
DA:39,1
DA:41,1
DA:46,1
DA:47,3
DA:48,3
DA:54,2
DA:55,1
DA:58,1
DA:60,1
DA:65,1
DA:66,3
DA:67,3
DA:69,2
DA:70,1
DA:73,1
DA:75,1
LF:35
LH:35
BRDA:10,0,0,3
BRDA:10,0,1,2
BRDA:10,1,0,5
BRDA:10,1,1,4
BRDA:10,1,2,3
BRDA:35,2,0,1
BRDA:35,2,1,1
BRDA:54,3,0,1
BRDA:54,3,1,1
BRDA:69,4,0,1
BRDA:69,4,1,1
BRF:11
BRH:11
end_of_record
TN:
SF:src/middlewares/auth.middleware.ts
FN:13,(anonymous_1)
FNF:1
FNH:0
FNDA:0,(anonymous_1)
DA:2,0
DA:3,0
DA:13,0
DA:18,0
DA:20,0
DA:21,0
DA:24,0
DA:25,0
DA:26,0
DA:27,0
DA:29,0
LF:11
LH:0
BRDA:20,0,0,0
BRDA:20,0,1,0
BRF:2
BRH:0
end_of_record
TN:
SF:src/routes/auth.routes.ts
FNF:0
FNH:0
DA:1,0
DA:2,0
DA:4,0
DA:6,0
DA:7,0
DA:9,0
LF:6
LH:0
BRF:0
BRH:0
end_of_record
TN:
SF:src/routes/order.routes.ts
FNF:0
FNH:0
DA:1,0
DA:2,0
DA:3,0
DA:5,0
DA:7,0
DA:8,0
DA:9,0
DA:11,0
LF:8
LH:0
BRF:0
BRH:0
end_of_record
TN:
SF:src/routes/product.routes.ts
FNF:0
FNH:0
DA:1,0
DA:2,0
DA:3,0
DA:11,0
DA:13,0
DA:15,0
DA:16,0
DA:17,0
DA:18,0
DA:19,0
DA:21,0
LF:11
LH:0
BRF:0
BRH:0
end_of_record
